
 Bertini(TM) v1.5.1
  (August 29, 2016)

 D.J. Bates, J.D. Hauenstein,
 A.J. Sommese, C.W. Wampler

(using GMP v4.2.3, MPFR v2.3.1)



NOTE: You have requested to use adaptive path tracking.  Please make sure that you have
setup the following tolerances appropriately:
CoeffBound: 8.332734000000e+00, DegreeBound: 5.000000000000e+00
AMPSafetyDigits1: 1, AMPSafetyDigits2: 1, AMPMaxPrec: 1024


Tracking regeneration level 0 of 6: 4 paths to track.
Tracking path 0 of 4

Preparing regeneration level 1 of 6: 20 witness points to move.
Moving 0 of 20

Tracking regeneration level 1 of 6: 20 paths to track.
Tracking path 0 of 20

Preparing regeneration level 2 of 6: 100 witness points to move.
Moving 0 of 100

Tracking regeneration level 2 of 6: 96 paths to track.
Tracking path 0 of 96

Preparing regeneration level 3 of 6: 280 witness points to move.
Moving 0 of 280

Tracking regeneration level 3 of 6: 266 paths to track.
Tracking path 0 of 266

Preparing regeneration level 4 of 6: 240 witness points to move.
Moving 0 of 240

Tracking regeneration level 4 of 6: 215 paths to track.
Tracking path 0 of 215

Preparing regeneration level 5 of 6: 100 witness points to move.
Moving 0 of 100

Tracking regeneration level 5 of 6: 80 paths to track.
Tracking path 0 of 80


*************** Regeneration summary ***************

NOTE: nonsingular vs singular is based on rank deficiency and identical endpoints

|level|   paths   | nonsing endpoints | total discarded | sing endpoints | inf endpoints | higher dim'l | other bad endpoints
-----------------------------------------------------------------------------------------------------------------------------
| 0   |   4       | 4                 | 0               | 0              | 0             |  0           | 0
| 1   |   20      | 20                | 0               | 0              | 0             |  0           | 0
| 2   |   96      | 56                | 40              | 0              | 38            |  2           | 0
| 3   |   266     | 48                | 218             | 22             | 194           |  2           | 0
| 4   |   215     | 20                | 195             | 12             | 181           |  2           | 0
| 5   |   80      | 0                 | 80              | 0              | 80            |  0           | 0
-----------------------------------------------------------------------------------------------------------------------------
|total|   681

****************************************************


------------------------------------------------------------------------------------------
The following files may be of interest to you:

main_data:             A human-readable version of the solutions - main output file.
raw_solutions:         A list of the solutions with the corresponding path numbers.
raw_data:              Similar to the previous, but with the points in Bertini's homogeneous
                         coordinates along with more information about the solutions.
real_finite_solutions: A list of all real finite solutions.
finite_solutions:      A list of all finite solutions.
nonsingular_solutions: A list of all nonsingular solutions.
------------------------------------------------------------------------------------------

Summary for the last regeneration level:
Paths Tracked: 80
 Truncated infinite paths: 80 - try adjusting SecurityMaxNorm or set SecurityLevel to 1 in the input file
   Please see 'failed_paths' for more information about these paths.

